0 info it worked if it ends with ok
1 verbose cli [ '/usr/local/bin/node',
1 verbose cli   '/usr/local/bin/npm',
1 verbose cli   'run',
1 verbose cli   'styleguide-server' ]
2 info using npm@4.0.5
3 info using node@v7.4.0
4 verbose run-script [ 'prestyleguide-server',
4 verbose run-script   'styleguide-server',
4 verbose run-script   'poststyleguide-server' ]
5 info lifecycle react-styleguidist-example-sections@1.0.0~prestyleguide-server: react-styleguidist-example-sections@1.0.0
6 silly lifecycle react-styleguidist-example-sections@1.0.0~prestyleguide-server: no script for prestyleguide-server, continuing
7 info lifecycle react-styleguidist-example-sections@1.0.0~styleguide-server: react-styleguidist-example-sections@1.0.0
8 verbose lifecycle react-styleguidist-example-sections@1.0.0~styleguide-server: unsafe-perm in lifecycle true
9 verbose lifecycle react-styleguidist-example-sections@1.0.0~styleguide-server: PATH: /usr/local/lib/node_modules/npm/bin/node-gyp-bin:/Users/mw/react-styleguide/examples/sections/node_modules/.bin:/Users/mw/torch/install/bin:/usr/local/bin:/usr/bin:/bin:/usr/sbin:/sbin:/usr/local/go/bin
10 verbose lifecycle react-styleguidist-example-sections@1.0.0~styleguide-server: CWD: /Users/mw/react-styleguide/examples/sections
11 silly lifecycle react-styleguidist-example-sections@1.0.0~styleguide-server: Args: [ '-c', 'styleguidist server' ]
12 silly lifecycle react-styleguidist-example-sections@1.0.0~styleguide-server: Returned: code: 1  signal: null
13 info lifecycle react-styleguidist-example-sections@1.0.0~styleguide-server: Failed to exec styleguide-server script
14 verbose stack Error: react-styleguidist-example-sections@1.0.0 styleguide-server: `styleguidist server`
14 verbose stack Exit status 1
14 verbose stack     at EventEmitter.<anonymous> (/usr/local/lib/node_modules/npm/lib/utils/lifecycle.js:279:16)
14 verbose stack     at emitTwo (events.js:106:13)
14 verbose stack     at EventEmitter.emit (events.js:191:7)
14 verbose stack     at ChildProcess.<anonymous> (/usr/local/lib/node_modules/npm/lib/utils/spawn.js:40:14)
14 verbose stack     at emitTwo (events.js:106:13)
14 verbose stack     at ChildProcess.emit (events.js:191:7)
14 verbose stack     at maybeClose (internal/child_process.js:885:16)
14 verbose stack     at Process.ChildProcess._handle.onexit (internal/child_process.js:226:5)
15 verbose pkgid react-styleguidist-example-sections@1.0.0
16 verbose cwd /Users/mw/react-styleguide/examples/sections
17 error Darwin 15.6.0
18 error argv "/usr/local/bin/node" "/usr/local/bin/npm" "run" "styleguide-server"
19 error node v7.4.0
20 error npm  v4.0.5
21 error code ELIFECYCLE
22 error react-styleguidist-example-sections@1.0.0 styleguide-server: `styleguidist server`
22 error Exit status 1
23 error Failed at the react-styleguidist-example-sections@1.0.0 styleguide-server script 'styleguidist server'.
23 error Make sure you have the latest version of node.js and npm installed.
23 error If you do, this is most likely a problem with the react-styleguidist-example-sections package,
23 error not with npm itself.
23 error Tell the author that this fails on your system:
23 error     styleguidist server
23 error You can get information on how to open an issue for this project with:
23 error     npm bugs react-styleguidist-example-sections
23 error Or if that isn't available, you can get their info via:
23 error     npm owner ls react-styleguidist-example-sections
23 error There is likely additional logging output above.
24 verbose exit [ 1, true ]
